<?xml version="1.0" encoding="UTF-8"?>
<!-- Generated by org.testng.reporters.JUnitReportReporter -->
<testsuite hostname="IN-BDM9WP3" failures="0" tests="1" name="tests.TestProdDetails" time="11.681" errors="0" timestamp="2024-12-22T17:41:22 IST" skipped="0">
  <testcase classname="tests.TestProdDetails" name="Addtocart" time="11.681"/>
  <system-out/>
</testsuite> <!-- tests.TestProdDetails -->
