<?xml version="1.0" encoding="UTF-8"?>
<!-- Generated by org.testng.reporters.JUnitReportReporter -->
<testsuite hostname="IN-BDM9WP3" failures="0" tests="1" name="tests.TestProdRating" time="14.184" errors="0" timestamp="2024-12-22T17:55:32 IST" skipped="0">
  <testcase classname="tests.TestProdRating" name="testProductRating" time="14.184"/>
  <system-out/>
</testsuite> <!-- tests.TestProdRating -->
