<?xml version="1.0" encoding="UTF-8"?>
<!-- Generated by org.testng.reporters.JUnitReportReporter -->
<testsuite hostname="IN-BDM9WP3" failures="0" tests="1" name="tests.TestGrocery" time="22.953" errors="0" timestamp="2024-12-20T17:33:43 IST" skipped="0">
  <testcase classname="tests.TestGrocery" name="testGrocerySearch" time="22.953"/>
  <system-out/>
</testsuite> <!-- tests.TestGrocery -->
