<?xml version="1.0" encoding="UTF-8"?>
<!-- Generated by org.testng.reporters.JUnitReportReporter -->
<testsuite hostname="IN-BDM9WP3" failures="0" tests="1" name="tests.TestPincode" time="15.071" errors="0" timestamp="2024-12-22T16:58:19 IST" skipped="0">
  <testcase classname="tests.TestPincode" name="testUnavailablePin" time="15.071"/>
  <system-out/>
</testsuite> <!-- tests.TestPincode -->
