<?xml version="1.0" encoding="UTF-8"?>
<!-- Generated by org.testng.reporters.JUnitReportReporter -->
<testsuite hostname="IN-BDM9WP3" failures="0" tests="1" name="tests.TestLogin" time="23.582" errors="0" timestamp="2024-12-23T22:51:43 IST" skipped="0">
  <testcase classname="tests.TestLogin" name="testInvalidLogin" time="23.582"/>
  <system-out/>
</testsuite> <!-- tests.TestLogin -->
