<?xml version="1.0" encoding="UTF-8"?>
<!-- Generated by org.testng.reporters.JUnitReportReporter -->
<testsuite hostname="IN-BDM9WP3" failures="0" tests="1" name="tests.TestCompareFunctionality" time="15.028" errors="0" timestamp="2024-12-20T16:28:58 IST" skipped="0">
  <testcase classname="tests.TestCompareFunctionality" name="TestCompareFunction" time="15.028"/>
  <system-out/>
</testsuite> <!-- tests.TestCompareFunctionality -->
