<?xml version="1.0" encoding="UTF-8"?>
<!-- Generated by org.testng.reporters.JUnitReportReporter -->
<testsuite hostname="IN-BDM9WP3" failures="0" tests="1" name="tests.TestFilter" time="11.978" errors="0" timestamp="2024-12-20T17:23:28 IST" skipped="0">
  <testcase classname="tests.TestFilter" name="testStorageFilter" time="11.978"/>
  <system-out/>
</testsuite> <!-- tests.TestFilter -->
