<?xml version="1.0" encoding="UTF-8"?>
<!-- Generated by org.testng.reporters.JUnitReportReporter -->
<testsuite hostname="IN-BDM9WP3" failures="0" tests="1" name="tests.TestAddToCart" time="32.863" errors="0" timestamp="2024-12-20T14:34:21 IST" skipped="0">
  <testcase classname="tests.TestAddToCart" name="testAddToCart" time="32.863"/>
  <system-out/>
</testsuite> <!-- tests.TestAddToCart -->
