<?xml version="1.0" encoding="UTF-8"?>
<!-- Generated by org.testng.reporters.JUnitReportReporter -->
<testsuite hostname="IN-BDM9WP3" failures="0" tests="1" name="tests.TestSocialHandles" time="12.840" errors="0" timestamp="2024-12-22T18:11:02 IST" skipped="0">
  <testcase classname="tests.TestSocialHandles" name="testYTHandle" time="12.840"/>
  <system-out/>
</testsuite> <!-- tests.TestSocialHandles -->
