<?xml version="1.0" encoding="UTF-8"?>
<!-- Generated by org.testng.reporters.JUnitReportReporter -->
<testsuite hostname="IN-BDM9WP3" failures="0" tests="1" name="tests.TestNotificationPage" time="23.322" errors="0" timestamp="2024-12-22T15:03:39 IST" skipped="0">
  <testcase classname="tests.TestNotificationPage" name="testNotifPage" time="23.322"/>
  <system-out/>
</testsuite> <!-- tests.TestNotificationPage -->
