<?xml version="1.0" encoding="UTF-8"?>
<!-- Generated by org.testng.reporters.JUnitReportReporter -->
<testsuite hostname="IN-BDM9WP3" failures="0" tests="1" name="tests.TestSearch" time="18.870" errors="0" timestamp="2024-12-22T18:07:04 IST" skipped="0">
  <testcase classname="tests.TestSearch" name="invalidProductSearch" time="18.870"/>
  <system-out/>
</testsuite> <!-- tests.TestSearch -->
