<?xml version="1.0" encoding="UTF-8"?>
<!-- Generated by org.testng.reporters.JUnitReportReporter -->
<testsuite hostname="IN-BDM9WP3" failures="0" tests="1" name="tests.TestCustomerCare" time="15.947" errors="0" timestamp="2024-12-20T16:31:32 IST" skipped="0">
  <testcase classname="tests.TestCustomerCare" name="testValidPin" time="15.947"/>
  <system-out/>
</testsuite> <!-- tests.TestCustomerCare -->
